<?xml version="1.0" encoding="UTF-8" ?>
<testsuite tests="8" failures="0" name="tests.informacoesUsuarioTest" time="90.65" errors="0" skipped="0">
  <properties>
    <property name="java.runtime.name" value="Java(TM) SE Runtime Environment"/>
    <property name="sun.boot.library.path" value="C:\Program Files\Java\jdk1.8.0_251\jre\bin"/>
    <property name="java.vm.version" value="25.251-b08"/>
    <property name="java.vm.vendor" value="Oracle Corporation"/>
    <property name="maven.multiModuleProjectDirectory" value="C:\Users\Carlito\IdeaProjects\automacaoDeTestesComSeleniumWebdriverEmJava"/>
    <property name="java.vendor.url" value="http://java.oracle.com/"/>
    <property name="path.separator" value=";"/>
    <property name="guice.disable.misplaced.annotation.check" value="true"/>
    <property name="java.vm.name" value="Java HotSpot(TM) 64-Bit Server VM"/>
    <property name="file.encoding.pkg" value="sun.io"/>
    <property name="user.script" value=""/>
    <property name="user.country" value="BR"/>
    <property name="sun.java.launcher" value="SUN_STANDARD"/>
    <property name="sun.os.patch.level" value="Service Pack 1"/>
    <property name="java.vm.specification.name" value="Java Virtual Machine Specification"/>
    <property name="user.dir" value="C:\Users\Carlito\IdeaProjects\automacaoDeTestesComSeleniumWebdriverEmJava"/>
    <property name="java.runtime.version" value="1.8.0_251-b08"/>
    <property name="java.awt.graphicsenv" value="sun.awt.Win32GraphicsEnvironment"/>
    <property name="java.endorsed.dirs" value="C:\Program Files\Java\jdk1.8.0_251\jre\lib\endorsed"/>
    <property name="os.arch" value="amd64"/>
    <property name="java.io.tmpdir" value="C:\Users\Carlito\AppData\Local\Temp\"/>
    <property name="line.separator" value="
"/>
    <property name="java.vm.specification.vendor" value="Oracle Corporation"/>
    <property name="user.variant" value=""/>
    <property name="os.name" value="Windows 7"/>
    <property name="classworlds.conf" value="C:\Users\Carlito\apache-maven-3.6.3\bin\..\bin\m2.conf"/>
    <property name="sun.jnu.encoding" value="Cp1252"/>
    <property name="java.library.path" value="C:\Program Files\Java\jdk1.8.0_251\bin;C:\Windows\Sun\Java\bin;C:\Windows\system32;C:\Windows;C:\Program Files (x86)\Common Files\Oracle\Java\javapath;C:\ProgramData\Oracle\Java\javapath;C:\Windows\system32;C:\Windows;C:\Windows\System32\Wbem;C:\Windows\System32\WindowsPowerShell\v1.0\;%cmder%;C:\Program Files\Microsoft VS Code\bin;C:\Program Files\Git\cmd\;C:\tools\selenium;C:\Users\Carlito\apache-maven-3.6.3\bin;C:\Program Files\Java\jdk1.8.0_251;C:\Program Files\Java\jre1.8.0_251;C:\Program Files\Java\jdk1.8.0_251\bin;."/>
    <property name="maven.conf" value="C:\Users\Carlito\apache-maven-3.6.3\bin\../conf"/>
    <property name="java.specification.name" value="Java Platform API Specification"/>
    <property name="java.class.version" value="52.0"/>
    <property name="sun.management.compiler" value="HotSpot 64-Bit Tiered Compilers"/>
    <property name="os.version" value="6.1"/>
    <property name="library.jansi.path" value="C:\Users\Carlito\apache-maven-3.6.3\bin\..\lib\jansi-native"/>
    <property name="user.home" value="C:\Users\Carlito"/>
    <property name="user.timezone" value="America/Sao_Paulo"/>
    <property name="java.awt.printerjob" value="sun.awt.windows.WPrinterJob"/>
    <property name="java.specification.version" value="1.8"/>
    <property name="file.encoding" value="Cp1252"/>
    <property name="user.name" value="Carlito"/>
    <property name="java.class.path" value="C:\Users\Carlito\apache-maven-3.6.3\bin\..\boot\plexus-classworlds-2.6.0.jar"/>
    <property name="java.vm.specification.version" value="1.8"/>
    <property name="sun.arch.data.model" value="64"/>
    <property name="java.home" value="C:\Program Files\Java\jdk1.8.0_251\jre"/>
    <property name="sun.java.command" value="org.codehaus.plexus.classworlds.launcher.Launcher clean test"/>
    <property name="java.specification.vendor" value="Oracle Corporation"/>
    <property name="user.language" value="pt"/>
    <property name="awt.toolkit" value="sun.awt.windows.WToolkit"/>
    <property name="java.vm.info" value="mixed mode"/>
    <property name="java.version" value="1.8.0_251"/>
    <property name="java.ext.dirs" value="C:\Program Files\Java\jdk1.8.0_251\jre\lib\ext;C:\Windows\Sun\Java\lib\ext"/>
    <property name="sun.boot.class.path" value="C:\Program Files\Java\jdk1.8.0_251\jre\lib\resources.jar;C:\Program Files\Java\jdk1.8.0_251\jre\lib\rt.jar;C:\Program Files\Java\jdk1.8.0_251\jre\lib\sunrsasign.jar;C:\Program Files\Java\jdk1.8.0_251\jre\lib\jsse.jar;C:\Program Files\Java\jdk1.8.0_251\jre\lib\jce.jar;C:\Program Files\Java\jdk1.8.0_251\jre\lib\charsets.jar;C:\Program Files\Java\jdk1.8.0_251\jre\lib\jfr.jar;C:\Program Files\Java\jdk1.8.0_251\jre\classes"/>
    <property name="sun.stderr.encoding" value="cp850"/>
    <property name="java.vendor" value="Oracle Corporation"/>
    <property name="maven.home" value="C:\Users\Carlito\apache-maven-3.6.3\bin\.."/>
    <property name="file.separator" value="\"/>
    <property name="java.vendor.url.bug" value="http://bugreport.sun.com/bugreport/"/>
    <property name="sun.cpu.endian" value="little"/>
    <property name="sun.io.unicode.encoding" value="UnicodeLittle"/>
    <property name="sun.stdout.encoding" value="cp850"/>
    <property name="sun.desktop" value="windows"/>
    <property name="sun.cpu.isalist" value="amd64"/>
  </properties>
  <testcase classname="tests.informacoesUsuarioTest" name="testAdicionarUmaInformacaoAdicionalDoUsuario{tipo=Phone, mensagem=Your contact has been added!, contato=11920021708}" time="10.876"/>
  <testcase classname="tests.informacoesUsuarioTest" name="testAdicionarUmaInformacaoAdicionalDoUsuario{tipo=Phone, mensagem=Your contact has been added!, contato=11920021709}" time="9.755"/>
  <testcase classname="tests.informacoesUsuarioTest" name="testAdicionarUmaInformacaoAdicionalDoUsuario{tipo=Phone, mensagem=Your contact has been added!, contato=11920021710}" time="10.883"/>
  <testcase classname="tests.informacoesUsuarioTest" name="testAdicionarUmaInformacaoAdicionalDoUsuario{tipo=Phone, mensagem=Your contact has been added!, contato=11920021711}" time="10.879"/>
  <testcase classname="tests.informacoesUsuarioTest" name="testAdicionarUmaInformacaoAdicionalDoUsuario{tipo=Phone, mensagem=Your contact has been added!, contato=11920021712}" time="10.417"/>
  <testcase classname="tests.informacoesUsuarioTest" name="testAdicionarUmaInformacaoAdicionalDoUsuario{tipo=Phone, mensagem=Your contact has been added!, contato=11920021707}" time="10.432"/>
  <testcase classname="tests.informacoesUsuarioTest" name="testAdicionarUmaInformacaoAdicionalDoUsuario{tipo=E-mail, mensagem=Your contact has been added!, contato=carlosoliveira1989@hotmail.com}" time="10.49"/>
  <testcase classname="tests.informacoesUsuarioTest" name="removerUmContatoDeUmUsuario" time="16.918"/>
</testsuite>